2024-08-18 22:16:18 DEBUG: Starting new HTTPS connection (1): api.github.com:443
2024-08-18 22:16:21 DEBUG: https://api.github.com:443 "POST /graphql HTTP/11" 200 None
2024-08-18 22:23:40 DEBUG: Starting new HTTPS connection (1): api.github.com:443
2024-08-18 22:23:43 DEBUG: https://api.github.com:443 "POST /graphql HTTP/11" 200 None
2024-08-18 22:23:43 ERROR: Unexpected error: "['Java', 'C#', 'PHP', 'Shell', 'Go'] not in index"
2024-08-18 22:24:57 DEBUG: Starting new HTTPS connection (1): api.github.com:443
2024-08-18 22:25:00 DEBUG: https://api.github.com:443 "POST /graphql HTTP/11" 200 None
2024-08-18 22:25:00 DEBUG: Starting new HTTPS connection (1): api.github.com:443
2024-08-18 22:25:05 DEBUG: https://api.github.com:443 "POST /graphql HTTP/11" 200 None
2024-08-18 22:25:05 DEBUG: Starting new HTTPS connection (1): api.github.com:443
2024-08-18 22:25:10 DEBUG: https://api.github.com:443 "POST /graphql HTTP/11" 200 None
2024-08-18 22:25:10 DEBUG: Starting new HTTPS connection (1): api.github.com:443
2024-08-18 22:25:15 DEBUG: https://api.github.com:443 "POST /graphql HTTP/11" 200 None
2024-08-18 22:25:15 DEBUG: Starting new HTTPS connection (1): api.github.com:443
2024-08-18 22:25:21 DEBUG: https://api.github.com:443 "POST /graphql HTTP/11" 200 None
2024-08-18 22:25:21 ERROR: Unexpected error: 'dict' object has no attribute 'reset_index'
2024-08-18 22:25:24 DEBUG: Starting new HTTPS connection (1): api.github.com:443
2024-08-18 22:25:27 DEBUG: https://api.github.com:443 "POST /graphql HTTP/11" 200 None
2024-08-18 22:25:27 DEBUG: Starting new HTTPS connection (1): api.github.com:443
2024-08-18 22:25:32 DEBUG: https://api.github.com:443 "POST /graphql HTTP/11" 200 None
2024-08-18 22:25:32 DEBUG: Starting new HTTPS connection (1): api.github.com:443
2024-08-18 22:25:38 DEBUG: https://api.github.com:443 "POST /graphql HTTP/11" 200 None
2024-08-18 22:25:38 DEBUG: Starting new HTTPS connection (1): api.github.com:443
2024-08-18 22:25:42 DEBUG: https://api.github.com:443 "POST /graphql HTTP/11" 200 None
2024-08-18 22:25:42 DEBUG: Starting new HTTPS connection (1): api.github.com:443
2024-08-18 22:25:47 DEBUG: https://api.github.com:443 "POST /graphql HTTP/11" 200 None
2024-08-18 22:25:47 ERROR: Unexpected error: 'dict' object has no attribute 'reset_index'
2024-08-18 22:27:53 DEBUG: Starting new HTTPS connection (1): api.github.com:443
2024-08-18 22:27:56 DEBUG: https://api.github.com:443 "POST /graphql HTTP/11" 200 None
2024-08-18 22:29:39 DEBUG: Starting new HTTPS connection (1): api.github.com:443
2024-08-18 22:29:42 DEBUG: https://api.github.com:443 "POST /graphql HTTP/11" 200 None
2024-08-18 22:29:42 DEBUG: Starting new HTTPS connection (1): api.github.com:443
2024-08-18 22:29:46 DEBUG: https://api.github.com:443 "POST /graphql HTTP/11" 200 None
2024-08-18 22:29:46 DEBUG: Starting new HTTPS connection (1): api.github.com:443
2024-08-18 22:29:53 DEBUG: https://api.github.com:443 "POST /graphql HTTP/11" 200 None
2024-08-18 22:29:53 DEBUG: Starting new HTTPS connection (1): api.github.com:443
2024-08-18 22:29:57 DEBUG: https://api.github.com:443 "POST /graphql HTTP/11" 200 None
2024-08-18 22:29:57 DEBUG: Starting new HTTPS connection (1): api.github.com:443
2024-08-18 22:30:02 DEBUG: https://api.github.com:443 "POST /graphql HTTP/11" 200 None
2024-08-18 22:30:02 ERROR: Unexpected error: 'dict' object has no attribute 'reset_index'
2024-08-18 22:31:53 DEBUG: Starting new HTTPS connection (1): api.github.com:443
2024-08-18 22:31:56 DEBUG: https://api.github.com:443 "POST /graphql HTTP/11" 200 None
2024-08-18 22:31:56 ERROR: Unexpected error: 'dict' object has no attribute 'reset_index'
2024-08-18 22:33:44 DEBUG: Starting new HTTPS connection (1): api.github.com:443
2024-08-18 22:33:47 DEBUG: https://api.github.com:443 "POST /graphql HTTP/11" 200 None
2024-08-18 22:33:47 ERROR: Unexpected error: 'dict' object has no attribute 'reset_index'
2024-08-18 22:35:16 DEBUG: Starting new HTTPS connection (1): api.github.com:443
2024-08-18 22:35:19 DEBUG: https://api.github.com:443 "POST /graphql HTTP/11" 200 None
2024-08-18 22:36:05 DEBUG: Starting new HTTPS connection (1): api.github.com:443
2024-08-18 22:36:08 DEBUG: https://api.github.com:443 "POST /graphql HTTP/11" 200 None
2024-08-18 22:36:50 DEBUG: Starting new HTTPS connection (1): api.github.com:443
2024-08-18 22:36:53 DEBUG: https://api.github.com:443 "POST /graphql HTTP/11" 200 None
2024-08-18 22:36:53 DEBUG: Starting new HTTPS connection (1): api.github.com:443
2024-08-18 22:36:57 DEBUG: https://api.github.com:443 "POST /graphql HTTP/11" 200 None
2024-08-18 22:36:57 DEBUG: Starting new HTTPS connection (1): api.github.com:443
2024-08-18 22:37:03 DEBUG: https://api.github.com:443 "POST /graphql HTTP/11" 200 None
2024-08-18 22:37:03 DEBUG: Starting new HTTPS connection (1): api.github.com:443
2024-08-18 22:37:08 DEBUG: https://api.github.com:443 "POST /graphql HTTP/11" 200 None
2024-08-18 22:37:08 DEBUG: Starting new HTTPS connection (1): api.github.com:443
2024-08-18 22:37:12 DEBUG: https://api.github.com:443 "POST /graphql HTTP/11" 200 None
2024-08-22 21:17:32 ERROR: Unexpected error: GitHub token não encontrado. Defina a variável de ambiente 'GITHUB_TOKEN'.
2024-08-22 21:28:52 DEBUG: Starting new HTTPS connection (1): api.github.com:443
2024-08-22 21:28:52 ERROR: RequestException: HTTPSConnectionPool(host='api.github.com', port=443): Max retries exceeded with url: /graphql (Caused by SSLError(SSLCertVerificationError(1, '[SSL: CERTIFICATE_VERIFY_FAILED] certificate verify failed: self-signed certificate in certificate chain (_ssl.c:1000)')))
2024-08-22 21:28:52 ERROR: Unexpected error: cannot access local variable 'response' where it is not associated with a value
2024-08-22 21:32:28 DEBUG: Starting new HTTPS connection (1): api.github.com:443
2024-08-22 21:32:32 DEBUG: https://api.github.com:443 "POST /graphql HTTP/11" 200 None
2024-08-22 21:32:32 DEBUG: Starting new HTTPS connection (1): api.github.com:443
2024-08-22 21:32:36 DEBUG: https://api.github.com:443 "POST /graphql HTTP/11" 200 None
2024-08-22 21:32:36 DEBUG: Starting new HTTPS connection (1): api.github.com:443
2024-08-22 21:32:42 DEBUG: https://api.github.com:443 "POST /graphql HTTP/11" 200 None
2024-08-22 21:32:42 DEBUG: Starting new HTTPS connection (1): api.github.com:443
2024-08-22 21:32:47 DEBUG: https://api.github.com:443 "POST /graphql HTTP/11" 200 None
2024-08-22 21:32:47 DEBUG: Starting new HTTPS connection (1): api.github.com:443
2024-08-22 21:32:52 DEBUG: https://api.github.com:443 "POST /graphql HTTP/11" 200 None
2024-08-22 21:33:41 DEBUG: Starting new HTTPS connection (1): api.github.com:443
2024-08-22 21:33:45 DEBUG: https://api.github.com:443 "POST /graphql HTTP/11" 200 None
2024-08-22 21:33:45 DEBUG: Starting new HTTPS connection (1): api.github.com:443
2024-08-22 21:33:49 DEBUG: https://api.github.com:443 "POST /graphql HTTP/11" 200 None
2024-08-22 21:33:49 DEBUG: Starting new HTTPS connection (1): api.github.com:443
2024-08-22 21:33:55 DEBUG: https://api.github.com:443 "POST /graphql HTTP/11" 200 None
2024-08-22 21:33:55 DEBUG: Starting new HTTPS connection (1): api.github.com:443
2024-08-22 21:34:00 DEBUG: https://api.github.com:443 "POST /graphql HTTP/11" 200 None
2024-08-22 21:34:00 DEBUG: Starting new HTTPS connection (1): api.github.com:443
2024-08-22 21:34:05 DEBUG: https://api.github.com:443 "POST /graphql HTTP/11" 200 None
2024-08-22 21:34:05 DEBUG: Starting new HTTPS connection (1): api.github.com:443
2024-08-22 21:34:10 DEBUG: https://api.github.com:443 "POST /graphql HTTP/11" 200 None
2024-08-22 21:34:10 DEBUG: Starting new HTTPS connection (1): api.github.com:443
2024-08-22 21:34:13 DEBUG: https://api.github.com:443 "POST /graphql HTTP/11" 200 None
2024-08-22 21:34:13 DEBUG: Starting new HTTPS connection (1): api.github.com:443
2024-08-22 21:34:18 DEBUG: https://api.github.com:443 "POST /graphql HTTP/11" 200 None
2024-08-22 21:34:18 DEBUG: Starting new HTTPS connection (1): api.github.com:443
2024-08-22 21:34:22 DEBUG: https://api.github.com:443 "POST /graphql HTTP/11" 200 None
2024-08-22 21:34:22 DEBUG: Starting new HTTPS connection (1): api.github.com:443
2024-08-22 21:34:26 DEBUG: https://api.github.com:443 "POST /graphql HTTP/11" 200 None
2024-08-22 21:34:26 DEBUG: Starting new HTTPS connection (1): api.github.com:443
2024-08-22 21:34:30 DEBUG: https://api.github.com:443 "POST /graphql HTTP/11" 200 None
2024-08-22 21:34:30 DEBUG: Starting new HTTPS connection (1): api.github.com:443
2024-08-22 21:34:33 DEBUG: https://api.github.com:443 "POST /graphql HTTP/11" 200 None
2024-08-22 21:34:33 DEBUG: Starting new HTTPS connection (1): api.github.com:443
2024-08-22 21:34:38 DEBUG: https://api.github.com:443 "POST /graphql HTTP/11" 200 None
2024-08-22 21:34:38 DEBUG: Starting new HTTPS connection (1): api.github.com:443
2024-08-22 21:34:41 DEBUG: https://api.github.com:443 "POST /graphql HTTP/11" 200 None
2024-08-22 21:34:41 DEBUG: Starting new HTTPS connection (1): api.github.com:443
2024-08-22 21:34:45 DEBUG: https://api.github.com:443 "POST /graphql HTTP/11" 200 None
2024-08-22 21:34:45 DEBUG: Starting new HTTPS connection (1): api.github.com:443
2024-08-22 21:34:50 DEBUG: https://api.github.com:443 "POST /graphql HTTP/11" 200 None
2024-08-22 21:34:50 DEBUG: Starting new HTTPS connection (1): api.github.com:443
2024-08-22 21:34:54 DEBUG: https://api.github.com:443 "POST /graphql HTTP/11" 200 None
2024-08-22 21:34:54 DEBUG: Starting new HTTPS connection (1): api.github.com:443
2024-08-22 21:34:57 DEBUG: https://api.github.com:443 "POST /graphql HTTP/11" 200 None
2024-08-22 21:34:57 DEBUG: Starting new HTTPS connection (1): api.github.com:443
2024-08-22 21:35:02 DEBUG: https://api.github.com:443 "POST /graphql HTTP/11" 200 None
2024-08-22 21:35:02 DEBUG: Starting new HTTPS connection (1): api.github.com:443
2024-08-22 21:35:07 DEBUG: https://api.github.com:443 "POST /graphql HTTP/11" 200 None
2024-08-22 21:35:07 DEBUG: Starting new HTTPS connection (1): api.github.com:443
2024-08-22 21:35:12 DEBUG: https://api.github.com:443 "POST /graphql HTTP/11" 200 None
2024-08-22 21:35:12 DEBUG: Starting new HTTPS connection (1): api.github.com:443
2024-08-22 21:35:18 DEBUG: https://api.github.com:443 "POST /graphql HTTP/11" 200 None
2024-08-22 21:35:18 DEBUG: Starting new HTTPS connection (1): api.github.com:443
2024-08-22 21:35:22 DEBUG: https://api.github.com:443 "POST /graphql HTTP/11" 200 None
2024-08-22 21:35:22 DEBUG: Starting new HTTPS connection (1): api.github.com:443
2024-08-22 21:35:26 DEBUG: https://api.github.com:443 "POST /graphql HTTP/11" 200 None
2024-08-22 21:35:26 DEBUG: Starting new HTTPS connection (1): api.github.com:443
2024-08-22 21:35:29 DEBUG: https://api.github.com:443 "POST /graphql HTTP/11" 200 None
2024-08-22 21:35:29 DEBUG: Starting new HTTPS connection (1): api.github.com:443
2024-08-22 21:35:33 DEBUG: https://api.github.com:443 "POST /graphql HTTP/11" 200 None
2024-08-22 21:35:33 DEBUG: Starting new HTTPS connection (1): api.github.com:443
2024-08-22 21:35:37 DEBUG: https://api.github.com:443 "POST /graphql HTTP/11" 200 None
2024-08-22 21:35:37 DEBUG: Starting new HTTPS connection (1): api.github.com:443
2024-08-22 21:35:40 DEBUG: https://api.github.com:443 "POST /graphql HTTP/11" 200 None
2024-08-22 21:35:40 DEBUG: Starting new HTTPS connection (1): api.github.com:443
2024-08-22 21:35:44 DEBUG: https://api.github.com:443 "POST /graphql HTTP/11" 200 None
2024-08-22 21:35:44 DEBUG: Starting new HTTPS connection (1): api.github.com:443
2024-08-22 21:35:48 DEBUG: https://api.github.com:443 "POST /graphql HTTP/11" 200 None
2024-08-22 21:35:48 DEBUG: Starting new HTTPS connection (1): api.github.com:443
2024-08-22 21:35:52 DEBUG: https://api.github.com:443 "POST /graphql HTTP/11" 200 None
2024-08-22 21:35:52 DEBUG: Starting new HTTPS connection (1): api.github.com:443
2024-08-22 21:35:56 DEBUG: https://api.github.com:443 "POST /graphql HTTP/11" 200 None
2024-08-22 21:35:56 DEBUG: Starting new HTTPS connection (1): api.github.com:443
2024-08-22 21:36:00 DEBUG: https://api.github.com:443 "POST /graphql HTTP/11" 200 None
2024-08-22 21:36:00 DEBUG: Starting new HTTPS connection (1): api.github.com:443
2024-08-22 21:36:04 DEBUG: https://api.github.com:443 "POST /graphql HTTP/11" 200 None
2024-08-22 21:36:04 DEBUG: Starting new HTTPS connection (1): api.github.com:443
2024-08-22 21:36:07 DEBUG: https://api.github.com:443 "POST /graphql HTTP/11" 200 None
2024-08-22 21:36:07 DEBUG: Starting new HTTPS connection (1): api.github.com:443
2024-08-22 21:36:11 DEBUG: https://api.github.com:443 "POST /graphql HTTP/11" 200 None
2024-08-22 21:36:11 DEBUG: Starting new HTTPS connection (1): api.github.com:443
2024-08-22 21:36:16 DEBUG: https://api.github.com:443 "POST /graphql HTTP/11" 200 None
2024-08-22 21:36:16 DEBUG: Starting new HTTPS connection (1): api.github.com:443
2024-08-22 21:36:20 DEBUG: https://api.github.com:443 "POST /graphql HTTP/11" 200 None
2024-08-22 21:36:20 DEBUG: Starting new HTTPS connection (1): api.github.com:443
2024-08-22 21:36:23 DEBUG: https://api.github.com:443 "POST /graphql HTTP/11" 200 None
2024-08-22 21:36:23 DEBUG: Starting new HTTPS connection (1): api.github.com:443
2024-08-22 21:36:26 DEBUG: https://api.github.com:443 "POST /graphql HTTP/11" 200 None
2024-08-22 21:36:26 DEBUG: Starting new HTTPS connection (1): api.github.com:443
2024-08-22 21:36:31 DEBUG: https://api.github.com:443 "POST /graphql HTTP/11" 200 None
2024-08-22 21:36:31 DEBUG: Starting new HTTPS connection (1): api.github.com:443
2024-08-22 21:36:34 DEBUG: https://api.github.com:443 "POST /graphql HTTP/11" 200 None
2024-08-22 21:36:34 DEBUG: Starting new HTTPS connection (1): api.github.com:443
2024-08-22 21:36:39 DEBUG: https://api.github.com:443 "POST /graphql HTTP/11" 200 None
2024-08-22 21:36:39 DEBUG: Starting new HTTPS connection (1): api.github.com:443
2024-08-22 21:36:43 DEBUG: https://api.github.com:443 "POST /graphql HTTP/11" 200 None
2024-08-22 21:36:43 DEBUG: Starting new HTTPS connection (1): api.github.com:443
2024-08-22 21:36:48 DEBUG: https://api.github.com:443 "POST /graphql HTTP/11" 200 None
2024-08-22 21:36:48 DEBUG: Starting new HTTPS connection (1): api.github.com:443
2024-08-22 21:36:51 DEBUG: https://api.github.com:443 "POST /graphql HTTP/11" 200 None
2024-08-22 21:36:51 DEBUG: Starting new HTTPS connection (1): api.github.com:443
2024-08-22 21:36:55 DEBUG: https://api.github.com:443 "POST /graphql HTTP/11" 200 None
2024-08-22 21:36:55 DEBUG: Starting new HTTPS connection (1): api.github.com:443
2024-08-22 21:36:59 DEBUG: https://api.github.com:443 "POST /graphql HTTP/11" 200 None
2024-08-22 21:36:59 DEBUG: Starting new HTTPS connection (1): api.github.com:443
2024-08-22 21:37:03 DEBUG: https://api.github.com:443 "POST /graphql HTTP/11" 200 None
2024-08-22 21:37:03 DEBUG: Starting new HTTPS connection (1): api.github.com:443
2024-08-22 21:37:08 DEBUG: https://api.github.com:443 "POST /graphql HTTP/11" 200 None
